0 info it worked if it ends with ok
1 verbose cli [ '/usr/local/bin/node', '/usr/local/bin/npm', 'start' ]
2 info using npm@3.8.7
3 info using node@v5.10.1
4 verbose run-script [ 'prestart', 'start', 'poststart' ]
5 info lifecycle lucas@1.0.0~prestart: lucas@1.0.0
6 silly lifecycle lucas@1.0.0~prestart: no script for prestart, continuing
7 info lifecycle lucas@1.0.0~start: lucas@1.0.0
8 verbose lifecycle lucas@1.0.0~start: unsafe-perm in lifecycle true
9 verbose lifecycle lucas@1.0.0~start: PATH: /usr/local/lib/node_modules/npm/bin/node-gyp-bin:/private/var/www/arifu/lucas/node_modules/.bin:/usr/local/bin:/usr/local/Cellar/php55/5.5.38_10/bin:/usr/local/sbin:/usr/local/Cellar/php56/5.6.26_2/sbin:/usr/local/Cellar/php56/5.6.26_2/bin:/usr/local/Cellar/php55/5.5.38_10/bin:/Users/rufusmbugua/yes/google-cloud-sdk/bin:/usr/local/php5/bin:/usr/local/bin:/usr/bin:/bin:/usr/sbin:/sbin:/opt/X11/bin:/usr/local/git/bin:/Users/rufusmbugua/.rvm/bin:/usr/local/bin:/usr/local/opt/android-sdk:/usr/local/opt/android-sdk/tools:/usr/local/opt/android-sdk/platform-tools:/Users/rufusmbugua/.composer/vendor/bin
10 verbose lifecycle lucas@1.0.0~start: CWD: /private/var/www/arifu/lucas
11 silly lifecycle lucas@1.0.0~start: Args: [ '-c', 'node ./bin/www' ]
12 silly lifecycle lucas@1.0.0~start: Returned: code: 1  signal: null
13 info lifecycle lucas@1.0.0~start: Failed to exec start script
14 verbose stack Error: lucas@1.0.0 start: `node ./bin/www`
14 verbose stack Exit status 1
14 verbose stack     at EventEmitter.<anonymous> (/usr/local/lib/node_modules/npm/lib/utils/lifecycle.js:244:16)
14 verbose stack     at emitTwo (events.js:100:13)
14 verbose stack     at EventEmitter.emit (events.js:185:7)
14 verbose stack     at ChildProcess.<anonymous> (/usr/local/lib/node_modules/npm/lib/utils/spawn.js:24:14)
14 verbose stack     at emitTwo (events.js:100:13)
14 verbose stack     at ChildProcess.emit (events.js:185:7)
14 verbose stack     at maybeClose (internal/child_process.js:850:16)
14 verbose stack     at Process.ChildProcess._handle.onexit (internal/child_process.js:215:5)
15 verbose pkgid lucas@1.0.0
16 verbose cwd /private/var/www/arifu/lucas
17 error Darwin 16.0.0
18 error argv "/usr/local/bin/node" "/usr/local/bin/npm" "start"
19 error node v5.10.1
20 error npm  v3.8.7
21 error code ELIFECYCLE
22 error lucas@1.0.0 start: `node ./bin/www`
22 error Exit status 1
23 error Failed at the lucas@1.0.0 start script 'node ./bin/www'.
23 error Make sure you have the latest version of node.js and npm installed.
23 error If you do, this is most likely a problem with the lucas package,
23 error not with npm itself.
23 error Tell the author that this fails on your system:
23 error     node ./bin/www
23 error You can get information on how to open an issue for this project with:
23 error     npm bugs lucas
23 error Or if that isn't available, you can get their info via:
23 error     npm owner ls lucas
23 error There is likely additional logging output above.
24 verbose exit [ 1, true ]
